[debug] [2019-03-28T18:43:11.965Z] ----------------------------------------------------------------------
[debug] [2019-03-28T18:43:11.968Z] Command:       C:\Program Files\nodejs\node.exe C:\Users\desai\AppData\Roaming\npm\node_modules\firebase-tools\lib\bin\firebase.js deploy
[debug] [2019-03-28T18:43:11.968Z] CLI Version:   6.1.1
[debug] [2019-03-28T18:43:11.968Z] Platform:      win32
[debug] [2019-03-28T18:43:11.968Z] Node Version:  v8.10.0
[debug] [2019-03-28T18:43:11.968Z] Time:          Thu Mar 28 2019 14:43:11 GMT-0400 (Eastern Daylight Time)
[debug] [2019-03-28T18:43:11.968Z] ----------------------------------------------------------------------
[debug] 
[debug] [2019-03-28T18:43:11.982Z] > command requires scopes: ["email","openid","https://www.googleapis.com/auth/cloudplatformprojects.readonly","https://www.googleapis.com/auth/firebase","https://www.googleapis.com/auth/cloud-platform"]
[debug] [2019-03-28T18:43:11.983Z] > authorizing via signed-in user
[debug] [2019-03-28T18:43:11.983Z] [iam] checking project gitawebapp for permissions ["firebase.projects.get","firebasehosting.sites.update"]
[debug] [2019-03-28T18:43:11.985Z] > refreshing access token with scopes: ["email","https://www.googleapis.com/auth/cloud-platform","https://www.googleapis.com/auth/cloudplatformprojects.readonly","https://www.googleapis.com/auth/firebase","openid"]
[debug] [2019-03-28T18:43:11.985Z] >>> HTTP REQUEST POST https://www.googleapis.com/oauth2/v3/token  
 <request body omitted>
[debug] [2019-03-28T18:43:12.156Z] <<< HTTP RESPONSE 200
[debug] [2019-03-28T18:43:12.164Z] >>> HTTP REQUEST POST https://cloudresourcemanager.googleapis.com/v1/projects/gitawebapp:testIamPermissions  

[debug] [2019-03-28T18:43:12.424Z] <<< HTTP RESPONSE 200
[debug] [2019-03-28T18:43:12.425Z] >>> HTTP REQUEST GET https://firebase.googleapis.com/v1beta1/projects/gitawebapp  
 
[debug] [2019-03-28T18:43:12.817Z] <<< HTTP RESPONSE 200
[info] 
[info] === Deploying to 'gitawebapp'...
[info] 
[info] i  deploying hosting
[debug] [2019-03-28T18:43:12.821Z] >>> HTTP REQUEST POST https://firebasehosting.googleapis.com/v1beta1/sites/gitawebapp/versions  

[debug] [2019-03-28T18:43:13.886Z] <<< HTTP RESPONSE 200
[info] i  hosting[gitawebapp]: beginning deploy...
[info] i  hosting[gitawebapp]: found 4030 files in dist
[debug] [2019-03-28T18:43:14.713Z] [hosting] hash cache [ZGlzdA] load error: lines is not defined
[debug] [2019-03-28T18:43:16.617Z] >>> HTTP REQUEST POST https://firebasehosting.googleapis.com/v1beta1/sites/gitawebapp/versions/500e41f4944b739b:populateFiles  
 <request body omitted>
[debug] [2019-03-28T18:43:18.701Z] >>> HTTP REQUEST POST https://firebasehosting.googleapis.com/v1beta1/sites/gitawebapp/versions/500e41f4944b739b:populateFiles  
 <request body omitted>
[debug] [2019-03-28T18:43:20.042Z] >>> HTTP REQUEST POST https://firebasehosting.googleapis.com/v1beta1/sites/gitawebapp/versions/500e41f4944b739b:populateFiles  
 <request body omitted>
[debug] [2019-03-28T18:43:21.133Z] >>> HTTP REQUEST POST https://firebasehosting.googleapis.com/v1beta1/sites/gitawebapp/versions/500e41f4944b739b:populateFiles  
 <request body omitted>
[debug] [2019-03-28T18:43:24.389Z] [hosting] hash cache [ZGlzdA] stored for 4030 files
[debug] [2019-03-28T18:43:24.389Z] [hosting][hash queue][FINAL]
[debug] [2019-03-28T18:43:24.389Z] >>> HTTP REQUEST POST https://firebasehosting.googleapis.com/v1beta1/sites/gitawebapp/versions/500e41f4944b739b:populateFiles  
 <request body omitted>
[debug] [2019-03-28T18:43:25.848Z] <<< HTTP RESPONSE 200
